<?xml version="1.0" encoding="UTF-8"?>
<!-- Generated by org.testng.reporters.JUnitReportReporter -->
<testsuite hostname="LAPTOP-FRD5231R" failures="0" tests="1" name="testCases.Tc002_LoginTest" time="1.651" errors="0" timestamp="2025-04-21T18:46:01 IST" skipped="0">
  <testcase classname="testCases.Tc002_LoginTest" name="verify_login" time="1.651"/>
</testsuite> <!-- testCases.Tc002_LoginTest -->
