<?xml version="1.0" encoding="UTF-8"?>
<!-- Generated by org.testng.reporters.JUnitReportReporter -->
<testsuite hostname="LAPTOP-FRD5231R" failures="0" tests="1" name="testCases.TC_001AcntReg" time="3.122" errors="0" timestamp="2025-04-21T19:28:08 IST" skipped="0">
  <testcase classname="testCases.TC_001AcntReg" name="verify_account_registration" time="3.122"/>
</testsuite> <!-- testCases.TC_001AcntReg -->
